<?xml version="1.0" encoding="UTF-8"?>
<!-- Generated by org.testng.reporters.JUnitReportReporter -->
<testsuite hostname="DESKTOP-9FMQBDK" failures="0" tests="1" name="com.SauceDemo.TestClasses.TC01_LoginFunctionality" time="6.659" errors="0" timestamp="2022-06-07T15:17:02 IST" skipped="0">
  <testcase classname="com.SauceDemo.TestClasses.TC01_LoginFunctionality" name="loginFunctionalityTest" time="6.659"/>
  <system-out/>
</testsuite> <!-- com.SauceDemo.TestClasses.TC01_LoginFunctionality -->
